# Database Configuration
DATABASE_NAME=clone_db
DATABASE_USER=postgres
DATABASE_PASSWORD=123456
DATABASE_HOST=db
DATABASE_PORT=5432

# Production Mode
#PRODUCTION=True
PRODUCTION=False

#MainRoute
MAIN_ROUTE=/home/ubuntu/

#DEPLOYMENT PATHS
#Tools Path
#TOOLSPATH=/home/3bigs/

# Blast Paths
BLAST=/home/3bigs/
#BLAST_DATABASE=/home/3bigs/ncc-backend/media/Blast/humannt/
#BLAST_INPUTFILES=/home/3bigs/ncc-backend/media/Blast/inputfiles/
#BLAST_OUTPUTFILES=/home/3bigs/ncc-backend/media/Blast/outputfiles/

# RefVerConverter Path
#REFVERCONVERTER=/home/3bigs/ncc-backend/media/RefVerConverter/

#VcfMaf Paths
#VEP_PATH = /home/vep/
#VEP_DATA = /home/3bigs/vcf2maf/
#REF_FASTA = /home/3bigs/vcf2maf/hg38/hg38.fa
#FILTER_VCF = /home/3bigs/vcf2maf/ExAC_nonTCGA.r0.3.1.sites.vep.vcf.gz

#Interpro FilePath
#INTERPRO_REQUIRED_FILES=/home/3bigs/interpro/interproscan-5.60-92.0/interproscan.sh
#INTERPRO=/home/3bigs/ncc-backend/media/Interpro/files/

#Dataframe Reconstruction Path
#DFRECONSTRUCTION=/home/3bigs/ncc-backend/media/DfReconstruction/


#DEVELOPMENT PATHS
# Tools Path
TOOLSPATH=/home/ubuntu/efs/diva/

###BlastPaths
BLAST=/home/ubuntu/efs/diva/
BLAST_DATABASE=/home/ubuntu/efs/diva/ncc-backend/media/Blast/humannt/
BLAST_INPUTFILES=/home/ubuntu/efs/diva/ncc-backend/media/Blast/inputfiles/
BLAST_OUTPUTFILES=/home/ubuntu/efs/diva/ncc-backend/media/Blast/outputfiles/

##RefVerConverterPath
REFVERCONVERTER=/home/ubuntu/efs/diva/ncc-backend/media/RefVerConverter/

#VcfMaf Paths
VEP_PATH = /home/vep/
VEP_DATA = /home/ubuntu/efs/ncc_deployment/vcf2maf-12aug/
REF_FASTA = /home/3bigs/vcf2maf/hg38/hg38.fa
FILTER_VCF = /home/3bigs/vcf2maf/ExAC_nonTCGA.r0.3.1.sites.vep.vcf.gz

#Interpro File Path
INTERPRO_REQUIRED_FILES=/home/3bigs/Tools/interpro/interproscan-5.60-92.0/interproscan.sh
INTERPRO=/home/3bigs/ncc-backend/media/Interpro/files/

#Dataframe Reconstruction Path
DFRECONSTRUCTION = /home/ubuntu/efs/diva/ncc-backend/media/DfReconstruction/



